samples/VuforiaSamples-6-0-120/app/build/outputs/logs/manifest-merger-debug-report.txt
-- Merging decision tree log ---
manifest
ADDED from src/main/AndroidManifest.xml:2:1-199:12
INJECTED from src/main/AndroidManifest.xml:2:1-199:12
INJECTED from src/main/AndroidManifest.xml:2:1-199:12
INJECTED from src/main/AndroidManifest.xml:2:1-199:12
INJECTED from src/main/AndroidManifest.xml:2:1-199:12
INJECTED from src/main/AndroidManifest.xml:2:1-199:12
INJECTED from src/main/AndroidManifest.xml:2:1-199:12
	package
		ADDED from src/main/AndroidManifest.xml:3:5-49
		INJECTED from src/main/AndroidManifest.xml
		INJECTED from src/main/AndroidManifest.xml
	android:versionName
		ADDED from src/main/AndroidManifest.xml:5:5-30
		INJECTED from src/main/AndroidManifest.xml
		INJECTED from src/main/AndroidManifest.xml
	xmlns:android
		ADDED from src/main/AndroidManifest.xml:2:11-69
	android:versionCode
		ADDED from src/main/AndroidManifest.xml:4:5-30
		INJECTED from src/main/AndroidManifest.xml
		INJECTED from src/main/AndroidManifest.xml
uses-feature#0x00020000
ADDED from src/main/AndroidManifest.xml:17:5-54
	android:glEsVersion
		ADDED from src/main/AndroidManifest.xml:17:19-51
uses-feature#android.hardware.camera
ADDED from src/main/AndroidManifest.xml:33:5-60
	android:name
		ADDED from src/main/AndroidManifest.xml:33:19-57
uses-permission#android.permission.CAMERA
ADDED from src/main/AndroidManifest.xml:38:5-65
	android:name
		ADDED from src/main/AndroidManifest.xml:38:22-62
uses-permission#android.permission.INTERNET
ADDED from src/main/AndroidManifest.xml:43:5-66
	android:name
		ADDED from src/main/AndroidManifest.xml:43:22-64
uses-permission#android.permission.ACCESS_NETWORK_STATE
ADDED from src/main/AndroidManifest.xml:49:5-79
	android:name
		ADDED from src/main/AndroidManifest.xml:49:22-76
uses-permission#android.permission.READ_EXTERNAL_STORAGE
ADDED from src/main/AndroidManifest.xml:51:5-79
	android:name
		ADDED from src/main/AndroidManifest.xml:51:22-77
application
ADDED from src/main/AndroidManifest.xml:63:5-197:19
	android:label
		ADDED from src/main/AndroidManifest.xml:65:9-41
	android:launchMode
		ADDED from src/main/AndroidManifest.xml:67:9-40
	android:icon
		ADDED from src/main/AndroidManifest.xml:64:9-38
	android:allowBackup
		ADDED from src/main/AndroidManifest.xml:68:9-35
	android:description
		ADDED from src/main/AndroidManifest.xml:66:9-54
	android:theme
		ADDED from src/main/AndroidManifest.xml:69:9-47
activity#com.vuforia.samples.VuforiaSamples.ui.ActivityList.ActivitySplashScreen
ADDED from src/main/AndroidManifest.xml:88:10-99:21
	android:screenOrientation
		ADDED from src/main/AndroidManifest.xml:91:13-49
	android:noHistory
		ADDED from src/main/AndroidManifest.xml:92:13-37
	android:configChanges
		ADDED from src/main/AndroidManifest.xml:90:13-93
	android:name
		ADDED from src/main/AndroidManifest.xml:89:13-65
intent-filter#action:name:android.intent.action.MAIN+category:name:android.intent.category.LAUNCHER
ADDED from src/main/AndroidManifest.xml:94:14-98:30
action#android.intent.action.MAIN
ADDED from src/main/AndroidManifest.xml:95:18-70
	android:name
		ADDED from src/main/AndroidManifest.xml:95:26-67
category#android.intent.category.LAUNCHER
ADDED from src/main/AndroidManifest.xml:97:18-78
	android:name
		ADDED from src/main/AndroidManifest.xml:97:28-75
activity#com.vuforia.samples.VuforiaSamples.ui.ActivityList.ActivityLauncher
ADDED from src/main/AndroidManifest.xml:101:9-106:20
	android:screenOrientation
		ADDED from src/main/AndroidManifest.xml:104:13-49
	android:configChanges
		ADDED from src/main/AndroidManifest.xml:103:13-93
	android:name
		ADDED from src/main/AndroidManifest.xml:102:13-61
activity#com.vuforia.samples.VuforiaSamples.ui.ActivityList.AboutScreen
ADDED from src/main/AndroidManifest.xml:108:10-114:20
	android:screenOrientation
		ADDED from src/main/AndroidManifest.xml:111:13-49
	android:noHistory
		ADDED from src/main/AndroidManifest.xml:112:13-37
	android:configChanges
		ADDED from src/main/AndroidManifest.xml:110:13-93
	android:name
		ADDED from src/main/AndroidManifest.xml:109:13-56
activity#com.vuforia.samples.VuforiaSamples.app.ImageTargets.ImageTargets
ADDED from src/main/AndroidManifest.xml:116:9-123:20
	android:launchMode
		ADDED from src/main/AndroidManifest.xml:120:11-42
	android:configChanges
		ADDED from src/main/AndroidManifest.xml:118:13-93
	android:theme
		ADDED from src/main/AndroidManifest.xml:119:10-48
	android:name
		ADDED from src/main/AndroidManifest.xml:117:13-58
activity#com.vuforia.samples.VuforiaSamples.app.VuMark.VuMark
ADDED from src/main/AndroidManifest.xml:125:9-131:20
	android:launchMode
		ADDED from src/main/AndroidManifest.xml:129:13-44
	android:configChanges
		ADDED from src/main/AndroidManifest.xml:127:13-93
	android:theme
		ADDED from src/main/AndroidManifest.xml:128:13-51
	android:name
		ADDED from src/main/AndroidManifest.xml:126:13-46
activity#com.vuforia.samples.VuforiaSamples.app.TextRecognition.TextReco
ADDED from src/main/AndroidManifest.xml:133:9-139:20
	android:launchMode
		ADDED from src/main/AndroidManifest.xml:137:12-43
	android:configChanges
		ADDED from src/main/AndroidManifest.xml:135:13-93
	android:theme
		ADDED from src/main/AndroidManifest.xml:136:10-48
	android:name
		ADDED from src/main/AndroidManifest.xml:134:13-57
activity#com.vuforia.samples.VuforiaSamples.app.CylinderTargets.CylinderTargets
ADDED from src/main/AndroidManifest.xml:141:9-147:20
	android:launchMode
		ADDED from src/main/AndroidManifest.xml:145:11-42
	android:configChanges
		ADDED from src/main/AndroidManifest.xml:143:13-93
	android:theme
		ADDED from src/main/AndroidManifest.xml:144:10-48
	android:name
		ADDED from src/main/AndroidManifest.xml:142:13-64
activity#com.vuforia.samples.VuforiaSamples.app.FrameMarkers.FrameMarkers
ADDED from src/main/AndroidManifest.xml:149:9-155:20
	android:launchMode
		ADDED from src/main/AndroidManifest.xml:153:11-42
	android:configChanges
		ADDED from src/main/AndroidManifest.xml:151:13-93
	android:theme
		ADDED from src/main/AndroidManifest.xml:152:10-48
	android:name
		ADDED from src/main/AndroidManifest.xml:150:13-58
activity#com.vuforia.samples.VuforiaSamples.app.VirtualButtons.VirtualButtons
ADDED from src/main/AndroidManifest.xml:157:9-163:20
	android:launchMode
		ADDED from src/main/AndroidManifest.xml:161:11-42
	android:configChanges
		ADDED from src/main/AndroidManifest.xml:159:13-93
	android:theme
		ADDED from src/main/AndroidManifest.xml:160:10-48
	android:name
		ADDED from src/main/AndroidManifest.xml:158:13-62
activity#com.vuforia.samples.VuforiaSamples.app.UserDefinedTargets.UserDefinedTargets
ADDED from src/main/AndroidManifest.xml:165:9-171:20
	android:launchMode
		ADDED from src/main/AndroidManifest.xml:169:11-42
	android:configChanges
		ADDED from src/main/AndroidManifest.xml:167:13-93
	android:theme
		ADDED from src/main/AndroidManifest.xml:168:10-48
	android:name
		ADDED from src/main/AndroidManifest.xml:166:13-70
activity#com.vuforia.samples.VuforiaSamples.app.MultiTargets.MultiTargets
ADDED from src/main/AndroidManifest.xml:173:9-179:20
	android:launchMode
		ADDED from src/main/AndroidManifest.xml:177:11-42
	android:configChanges
		ADDED from src/main/AndroidManifest.xml:175:13-93
	android:theme
		ADDED from src/main/AndroidManifest.xml:176:10-48
	android:name
		ADDED from src/main/AndroidManifest.xml:174:13-58
activity#com.vuforia.samples.VuforiaSamples.app.CloudRecognition.CloudReco
ADDED from src/main/AndroidManifest.xml:181:9-187:20
	android:launchMode
		ADDED from src/main/AndroidManifest.xml:185:11-42
	android:configChanges
		ADDED from src/main/AndroidManifest.xml:183:13-93
	android:theme
		ADDED from src/main/AndroidManifest.xml:184:10-48
	android:name
		ADDED from src/main/AndroidManifest.xml:182:13-59
activity#com.vuforia.samples.VuforiaSamples.app.ObjectRecognition.ObjectTargets
ADDED from src/main/AndroidManifest.xml:189:9-195:20
	android:launchMode
		ADDED from src/main/AndroidManifest.xml:193:11-42
	android:configChanges
		ADDED from src/main/AndroidManifest.xml:191:13-93
	android:theme
		ADDED from src/main/AndroidManifest.xml:192:10-48
	android:name
		ADDED from src/main/AndroidManifest.xml:190:13-64
uses-sdk
INJECTED from src/main/AndroidManifest.xml reason: use-sdk injection requested
INJECTED from src/main/AndroidManifest.xml
INJECTED from src/main/AndroidManifest.xml
INJECTED from src/main/AndroidManifest.xml
INJECTED from src/main/AndroidManifest.xml
	android:targetSdkVersion
		INJECTED from src/main/AndroidManifest.xml
		ADDED from src/main/AndroidManifest.xml
		INJECTED from src/main/AndroidManifest.xml
	android:minSdkVersion
		INJECTED from src/main/AndroidManifest.xml
		ADDED from src/main/AndroidManifest.xml
		INJECTED from src/main/AndroidManifest.xml